<?xml version="1.0" encoding="UTF-8"?>
<!-- Generated by org.testng.reporters.JUnitXMLReporter -->
<testsuite hostname="Suresh-PC" ignored="0" name="Method Test Cases" tests="2" failures="0" timestamp="22 Nov 2018 16:21:03 GMT" time="0.408" errors="0">
  <testcase name="@BeforeMethod initialize" time="0.0" classname="testCases.DriverScript">
    <failure type="java.lang.NullPointerException">
      <![CDATA[java.lang.NullPointerExceptionat customFactory.BrowserFactory.LoadApplication(BrowserFactory.java:64)at testCases.DriverScript.initialize(DriverScript.java:48)... Removed 28 stack frames]]>
    </failure>
  </testcase> <!-- @BeforeMethod initialize -->
  <testcase name="@AfterMethod closeTest" time="0.0" classname="testCases.DriverScript">
    <skipped/>
  </testcase> <!-- @AfterMethod closeTest -->
  <testcase name="@BeforeMethod initialize" time="0.0" classname="testCases.DriverScript">
    <skipped/>
  </testcase> <!-- @BeforeMethod initialize -->
  <testcase name="@AfterMethod closeTest" time="0.0" classname="testCases.DriverScript">
    <skipped/>
  </testcase> <!-- @AfterMethod closeTest -->
  <testcase name="Test_1010" time="0.0" classname="testCases.DriverScript">
    <skipped/>
  </testcase> <!-- Test_1010 -->
  <testcase name="Test_1011" time="0.0" classname="testCases.DriverScript">
    <skipped/>
  </testcase> <!-- Test_1011 -->
</testsuite> <!-- Method Test Cases -->
