<?xml version="1.0" encoding="UTF-8"?>
<!-- Generated by org.testng.reporters.JUnitXMLReporter -->
<testsuite hostname="Suresh-PC" ignored="0" name="Default test" tests="5" failures="0" timestamp="24 Nov 2018 06:43:41 GMT" time="64.629" errors="0">
  <testcase name="Test_1010" time="9.739" classname="testCases.DriverScript"/>
  <testcase name="Test_1011" time="6.057" classname="testCases.DriverScript"/>
  <testcase name="Test_1012" time="5.834" classname="testCases.DriverScript"/>
  <testcase name="Test_1013" time="6.226" classname="testCases.DriverScript"/>
  <testcase name="Test_1014" time="9.186" classname="testCases.DriverScript"/>
</testsuite> <!-- Default test -->
