<?xml version="1.0" encoding="UTF-8"?>
<!-- Generated by org.testng.reporters.JUnitXMLReporter -->
<testsuite hostname="Suresh-PC" ignored="2" name="Test" tests="2" failures="0" timestamp="09 Sep 2018 04:51:24 GMT" time="4.192" errors="0">
  <testcase name="Test_1010" time="2.1" classname="testCases.DriverScript"/>
  <testcase name="Test_1011" time="2.017" classname="testCases.DriverScript"/>
  <testcase name="Test_1013" time="0.0" classname="testCases.DriverScript">
    <ignored/>
  </testcase> <!-- Test_1013 -->
  <testcase name="Test_1012" time="0.0" classname="testCases.DriverScript">
    <ignored/>
  </testcase> <!-- Test_1012 -->
</testsuite> <!-- Test -->
